0 info it worked if it ends with ok
1 verbose cli [ 'D:\\nodejs\\node.exe',
1 verbose cli   'D:\\nodejs\\node_modules\\npm\\bin\\npm-cli.js',
1 verbose cli   'publish' ]
2 info using npm@2.14.7
3 info using node@v4.2.1
4 verbose publish [ '.' ]
5 silly cache add args [ '.', null ]
6 verbose cache add spec .
7 silly cache add parsed spec Result {
7 silly cache add   raw: '.',
7 silly cache add   scope: null,
7 silly cache add   name: null,
7 silly cache add   rawSpec: '.',
7 silly cache add   spec: 'E:\\zan\\docker\\node\\nodebb-plugins\\nodebb-plugin-markdown-cn',
7 silly cache add   type: 'directory' }
8 verbose addLocalDirectory C:\Users\Administrator\AppData\Roaming\npm-cache\nodebb-plugin-markdown\0.0.1\package.tgz not in flight; packing
9 verbose tar pack [ 'C:\\Users\\Administrator\\AppData\\Roaming\\npm-cache\\nodebb-plugin-markdown\\0.0.1\\package.tgz',
9 verbose tar pack   'E:\\zan\\docker\\node\\nodebb-plugins\\nodebb-plugin-markdown-cn' ]
10 verbose tarball C:\Users\Administrator\AppData\Roaming\npm-cache\nodebb-plugin-markdown\0.0.1\package.tgz
11 verbose folder E:\zan\docker\node\nodebb-plugins\nodebb-plugin-markdown-cn
12 info prepublish nodebb-plugin-markdown@0.0.1
13 verbose addLocalTarball adding from inside cache C:\Users\Administrator\AppData\Roaming\npm-cache\nodebb-plugin-markdown\0.0.1\package.tgz
14 silly cache afterAdd nodebb-plugin-markdown@0.0.1
15 verbose afterAdd C:\Users\Administrator\AppData\Roaming\npm-cache\nodebb-plugin-markdown\0.0.1\package\package.json not in flight; writing
16 verbose afterAdd C:\Users\Administrator\AppData\Roaming\npm-cache\nodebb-plugin-markdown\0.0.1\package\package.json written
17 silly publish { name: 'nodebb-plugin-markdown',
17 silly publish   version: '0.0.1',
17 silly publish   description: 'A Markdown parser for NodeBB',
17 silly publish   main: 'index.js',
17 silly publish   repository:
17 silly publish    { type: 'git',
17 silly publish      url: 'git+https://github.com/nodebb-plugin-cn/nodebb-plugin-markdown-cn.git' },
17 silly publish   keywords: [ 'nodebb', 'plugin', 'markdown' ],
17 silly publish   author: { name: 'zan', email: 'root@zanjs.com' },
17 silly publish   license: 'MIT',
17 silly publish   bugs: { url: 'https://github.com/nodebb-plugin-cn/nodebb-plugin-markdown-cn/issues' },
17 silly publish   dependencies: { 'markdown-it': '^4.1.0' },
17 silly publish   nbbpm: { compatibility: '^1.0.0' },
17 silly publish   readme: '# NodeBB Markdown 解析器\n\n这NodeBB插件是一个解析器，它允许用户写的帖子使用 [Markdown](https://daringfireball.net/projects/markdown/) 语法.\n\n要定制解析器选项，请参阅“插件”页面管理面板。\n\n## 安装\n\nnpm install nodebb-plugin-markdown-cn\n',
17 silly publish   readmeFilename: 'README.md',
17 silly publish   gitHead: '8b855c2c800a0b141c1f74623b9794da8cecd6cd',
17 silly publish   homepage: 'https://github.com/nodebb-plugin-cn/nodebb-plugin-markdown-cn#readme',
17 silly publish   _id: 'nodebb-plugin-markdown@0.0.1',
17 silly publish   scripts: {},
17 silly publish   _shasum: '31ea5900cb3b868ce5135f2ac40d3600bbcc8e3b',
17 silly publish   _from: '.' }
18 verbose getPublishConfig undefined
19 silly mapToRegistry name nodebb-plugin-markdown
20 silly mapToRegistry using default registry
21 silly mapToRegistry registry https://registry.npmjs.org/
22 silly mapToRegistry uri https://registry.npmjs.org/nodebb-plugin-markdown
23 verbose publish registryBase https://registry.npmjs.org/
24 silly publish uploading C:\Users\Administrator\AppData\Roaming\npm-cache\nodebb-plugin-markdown\0.0.1\package.tgz
25 verbose request uri https://registry.npmjs.org/nodebb-plugin-markdown
26 verbose request sending authorization for write operation
27 info attempt registry request try #1 at 16:09:15
28 verbose request using bearer token for auth
29 verbose request id 70ae05491872eb50
30 http request PUT https://registry.npmjs.org/nodebb-plugin-markdown
31 http 403 https://registry.npmjs.org/nodebb-plugin-markdown
32 verbose headers { 'content-type': 'application/json',
32 verbose headers   'cache-control': 'max-age=300',
32 verbose headers   'content-length': '114',
32 verbose headers   'accept-ranges': 'bytes',
32 verbose headers   date: 'Wed, 24 Feb 2016 08:09:44 GMT',
32 verbose headers   via: '1.1 varnish',
32 verbose headers   connection: 'close',
32 verbose headers   'x-served-by': 'cache-ams4120-AMS',
32 verbose headers   'x-cache': 'MISS',
32 verbose headers   'x-cache-hits': '0',
32 verbose headers   'x-timer': 'S1456301383.302443,VS0,VE1610' }
33 verbose request invalidating C:\Users\Administrator\AppData\Roaming\npm-cache\registry.npmjs.org\nodebb-plugin-markdown on PUT
34 error publish Failed PUT 403
35 verbose stack Error: You do not have permission to publish 'nodebb-plugin-markdown'. Are you logged in as the correct user? : nodebb-plugin-markdown
35 verbose stack     at makeError (D:\nodejs\node_modules\npm\node_modules\npm-registry-client\lib\request.js:264:12)
35 verbose stack     at CachingRegistryClient.<anonymous> (D:\nodejs\node_modules\npm\node_modules\npm-registry-client\lib\request.js:252:14)
35 verbose stack     at Request._callback (D:\nodejs\node_modules\npm\node_modules\npm-registry-client\lib\request.js:172:14)
35 verbose stack     at Request.self.callback (D:\nodejs\node_modules\npm\node_modules\request\request.js:198:22)
35 verbose stack     at emitTwo (events.js:87:13)
35 verbose stack     at Request.emit (events.js:172:7)
35 verbose stack     at Request.<anonymous> (D:\nodejs\node_modules\npm\node_modules\request\request.js:1063:14)
35 verbose stack     at emitOne (events.js:82:20)
35 verbose stack     at Request.emit (events.js:169:7)
35 verbose stack     at IncomingMessage.<anonymous> (D:\nodejs\node_modules\npm\node_modules\request\request.js:1009:12)
36 verbose statusCode 403
37 verbose pkgid nodebb-plugin-markdown
38 verbose cwd E:\zan\docker\node\nodebb-plugins\nodebb-plugin-markdown-cn
39 error Windows_NT 6.1.7601
40 error argv "D:\\nodejs\\node.exe" "D:\\nodejs\\node_modules\\npm\\bin\\npm-cli.js" "publish"
41 error node v4.2.1
42 error npm  v2.14.7
43 error code E403
44 error You do not have permission to publish 'nodebb-plugin-markdown'. Are you logged in as the correct user? : nodebb-plugin-markdown
45 error If you need help, you may report this error at:
45 error     <https://github.com/npm/npm/issues>
46 verbose exit [ 1, true ]
